<?xml version="1.0" encoding="UTF-8"?>
<!-- Generated by org.testng.reporters.JUnitXMLReporter -->
<testsuite hostname="MacBook-Pro.local" ignored="5" name="Regression Test" tests="2" failures="0" timestamp="20 Oct 2020 02:38:49 GMT" time="21.358" errors="0">
  <testcase name="selectWhereToGo" time="5.478" classname="com.qa.hotels_com.tests.HomePageTest"/>
  <testcase name="getHotelsFeatureL" time="3.946" classname="com.qa.hotels_com.tests.HotelsListPageTest"/>
  <testcase name="verifyhotels3" time="0.0" classname="com.qa.hotels_com.tests.HotelsListPageTest">
    <ignored/>
  </testcase> <!-- verifyhotels3 -->
  <testcase name="get4StarHotels" time="0.0" classname="com.qa.hotels_com.tests.HotelsListPageTest">
    <ignored/>
  </testcase> <!-- get4StarHotels -->
  <testcase name="get5starHotelsList" time="0.0" classname="com.qa.hotels_com.tests.HotelsListPageTest">
    <ignored/>
  </testcase> <!-- get5starHotelsList -->
  <testcase name="verifyHomePageTitle" time="0.0" classname="com.qa.hotels_com.tests.HomePageTest">
    <ignored/>
  </testcase> <!-- verifyHomePageTitle -->
  <testcase name="verifyHiltonIs3Star" time="0.0" classname="com.qa.hotels_com.tests.HotelsListPageTest">
    <ignored/>
  </testcase> <!-- verifyHiltonIs3Star -->
</testsuite> <!-- Regression Test -->
